<?xml version="1.0" encoding="utf-8"?><testsuites name="pytest tests"><testsuite name="pytest" errors="0" failures="0" skipped="0" tests="10" time="0.951" timestamp="2026-07-25T17:30:35.906279+00:00" hostname="agent-env-494a4119-444c-41c8-9de6-d314f0884472"><testcase classname="tests.test_api.TestNoOSMFallback" name="test_server_py_has_no_osm_refs" time="0.000" /><testcase classname="tests.test_api.TestBookings" name="test_create_booking_recalculates_fare_tata_ace" time="0.262" /><testcase classname="tests.test_api.TestHealth" name="test_root" time="0.250" /><testcase classname="tests.test_api.TestVehicles" name="test_vehicles_endpoint" time="0.086" /><testcase classname="tests.test_api.TestBookings" name="test_create_booking_two_wheeler" time="0.046" /><testcase classname="tests.test_api.TestBookings" name="test_create_booking_bada_dost" time="0.086" /><testcase classname="tests.test_api.TestAutocompleteFriendlyError" name="test_autocomplete_returns_friendly_error_no_osm_fallback" time="0.170" /><testcase classname="tests.test_api.TestBookings" name="test_invalid_vehicle_type_rejected" time="0.046" /><testcase classname="tests.test_api.TestBookings" name="test_list_bookings_excludes_mongo_id" time="0.043" /><testcase classname="tests.test_api.TestDistanceFriendlyError" name="test_distance_km_returns_friendly_error_no_osm_fallback" time="0.133" /></testsuite></testsuites>