<?xml version="1.0" encoding="utf-8"?><testsuites name="pytest tests"><testsuite name="pytest" errors="0" failures="0" skipped="0" tests="13" time="1.520" timestamp="2026-07-25T18:43:59.651687+00:00" hostname="agent-env-494a4119-444c-41c8-9de6-d314f0884472"><testcase classname="tests.test_api.TestBookings" name="test_create_booking_recalculates_fare_tata_ace" time="0.334" /><testcase classname="tests.test_api.TestAutocompleteLive" name="test_autocomplete_connaught_place" time="0.414" /><testcase classname="tests.test_api.TestBookings" name="test_create_booking_two_wheeler" time="0.115" /><testcase classname="tests.test_api.TestAutocompleteLive" name="test_autocomplete_mumbai_central" time="0.142" /><testcase classname="tests.test_api.TestBookings" name="test_create_booking_bada_dost" time="0.064" /><testcase classname="tests.test_api.TestBookings" name="test_invalid_vehicle_type_rejected" time="0.069" /><testcase classname="tests.test_api.TestAutocompleteLive" name="test_autocomplete_india_gate" time="0.209" /><testcase classname="tests.test_api.TestBookings" name="test_list_bookings_shows_new_booking" time="0.053" /><testcase classname="tests.test_api.TestNoOSMFallback" name="test_server_py_has_no_osm_refs" time="0.000" /><testcase classname="tests.test_api.TestHealth" name="test_root" time="0.077" /><testcase classname="tests.test_api.TestVehicles" name="test_vehicles_endpoint" time="0.079" /><testcase classname="tests.test_api.TestDistanceLive" name="test_distance_mumbai_pune_by_name" time="0.225" /><testcase classname="tests.test_api.TestDistanceLive" name="test_distance_with_real_placeids" time="0.183" /></testsuite></testsuites>