<?xml version="1.0" encoding="utf-8"?><testsuites name="pytest tests"><testsuite name="pytest" errors="0" failures="0" skipped="0" tests="8" time="8.029" timestamp="2026-07-25T20:47:54.324481+00:00" hostname="agent-env-494a4119-444c-41c8-9de6-d314f0884472"><testcase classname="tests.test_live_tracking.TestSnapOnStatus" name="test_picked_up_snaps_driver_to_pickup" time="0.572" /><testcase classname="tests.test_live_tracking.TestGeocodingOnCreate" name="test_create_populates_all_six_coords" time="0.449" /><testcase classname="tests.test_live_tracking.TestGeocodingOnCreate" name="test_get_returns_coords" time="0.362" /><testcase classname="tests.test_live_tracking.TestSnapOnStatus" name="test_delivered_snaps_driver_to_dropoff" time="0.513" /><testcase classname="tests.test_live_tracking.TestWebSocketSnapshot" name="test_snapshot_on_connect" time="0.385" /><testcase classname="tests.test_live_tracking.TestWebSocketLocation" name="test_location_updates_move_closer_to_pickup" time="5.841" /><testcase classname="tests.test_live_tracking.TestWebSocketStatusBroadcast" name="test_patch_status_broadcasts" time="6.505" /><testcase classname="tests.test_live_tracking.TestSimulatorLegacyResilience" name="test_list_bookings_ok_with_legacy" time="0.114" /></testsuite></testsuites>