<?xml version="1.0" encoding="utf-8"?><testsuites name="pytest tests"><testsuite name="pytest" errors="0" failures="0" skipped="0" tests="18" time="6.393" timestamp="2026-07-26T19:20:09.284403+00:00" hostname="agent-env-494a4119-444c-41c8-9de6-d314f0884472"><testcase classname="tests.test_luxelogistics.TestAuth" name="test_send_otp_ok" time="0.264" /><testcase classname="tests.test_luxelogistics.TestAuth" name="test_verify_otp_rejects_short_otp" time="0.113" /><testcase classname="tests.test_luxelogistics.TestAuth" name="test_verify_otp_creates_and_returns_token" time="0.104" /><testcase classname="tests.test_luxelogistics.TestAuth" name="test_me_requires_token" time="0.267" /><testcase classname="tests.test_luxelogistics.TestAuth" name="test_me_returns_current_user" time="0.446" /><testcase classname="tests.test_luxelogistics.TestAuth" name="test_patch_me_updates_profile" time="0.196" /><testcase classname="tests.test_luxelogistics.TestVehicles" name="test_list_9_vehicles_in_order" time="0.100" /><testcase classname="tests.test_luxelogistics.TestMaps" name="test_distance_multi_three_stops" time="0.427" /><testcase classname="tests.test_luxelogistics.TestOrders" name="test_create_order_requires_auth" time="0.095" /><testcase classname="tests.test_luxelogistics.TestOrders" name="test_create_and_scope" time="0.711" /><testcase classname="tests.test_luxelogistics.TestOrders" name="test_get_order_404_for_other_user" time="0.092" /><testcase classname="tests.test_luxelogistics.TestOrders" name="test_patch_status_and_notification_emitted" time="0.208" /><testcase classname="tests.test_luxelogistics.TestOrders" name="test_notifications_scoped" time="0.202" /><testcase classname="tests.test_luxelogistics.TestAddresses" name="test_addresses_crud_scoped" time="0.524" /><testcase classname="tests.test_luxelogistics.TestWebSockets" name="test_tracking_ws_rejects_missing_token" time="0.190" /><testcase classname="tests.test_luxelogistics.TestWebSockets" name="test_tracking_ws_snapshot_and_location" time="1.890" /><testcase classname="tests.test_luxelogistics.TestWebSockets" name="test_notifications_ws_rejects_missing_token" time="0.210" /><testcase classname="tests.test_luxelogistics.TestWebSockets" name="test_notifications_ws_scoped" time="0.277" /></testsuite></testsuites>