<?xml version="1.0" encoding="utf-8"?><testsuites name="pytest tests"><testsuite name="pytest" errors="0" failures="0" skipped="0" tests="6" time="6.106" timestamp="2026-07-25T21:16:41.736536+00:00" hostname="agent-env-494a4119-444c-41c8-9de6-d314f0884472"><testcase classname="tests.test_notifications.TestNotificationsRest" name="test_delete_clears_collection" time="0.451" /><testcase classname="tests.test_notifications.TestNotificationsRest" name="test_booking_creation_emits_booking_confirmed" time="0.899" /><testcase classname="tests.test_notifications.TestNotificationsRest" name="test_notifications_sorted_desc" time="1.215" /><testcase classname="tests.test_notifications.TestNotificationsRest" name="test_status_updates_emit_notifications" time="1.160" /><testcase classname="tests.test_notifications.TestNotificationsRest" name="test_read_all_marks_all_read" time="0.737" /><testcase classname="tests.test_notifications.TestNotificationsWebSocket" name="test_ws_receives_notification_on_status_patch" time="1.592" /></testsuite></testsuites>